2025-07-22 10:35:01,095 - INFO - üöÄ Starting ESPHome device_info() test for 10.1.1.175:6053
2025-07-22 10:35:01,095 - INFO -    Test interval: 5s
2025-07-22 10:35:01,095 - INFO -    Max tests: unlimited
2025-07-22 10:35:01,096 - INFO -    Reconnect on failure: True
2025-07-22 10:35:04,158 - ERROR - ‚ùå Failed to connect to ESPHome device 10.1.1.175: Error connecting to [AddrInfo(family=<AddressFamily.AF_INET: 2>, type=<SocketKind.SOCK_STREAM: 1>, proto=6, sockaddr=IPv4Sockaddr(address='10.1.1.175', port=6053))]: [Errno 113] Connect call failed ('10.1.1.175', 6053)
2025-07-22 10:35:04,159 - ERROR - Failed to establish initial connection. Exiting.
2025-07-22 10:36:16,387 - INFO - üöÄ Starting ESPHome device_info() test for 10.1.1.175:6053
2025-07-22 10:36:16,388 - INFO -    Test interval: 5s
2025-07-22 10:36:16,389 - INFO -    Max tests: unlimited
2025-07-22 10:36:16,390 - INFO -    Reconnect on failure: True
2025-07-22 10:36:19,454 - ERROR - ‚ùå Failed to connect to ESPHome device 10.1.1.175: Error connecting to [AddrInfo(family=<AddressFamily.AF_INET: 2>, type=<SocketKind.SOCK_STREAM: 1>, proto=6, sockaddr=IPv4Sockaddr(address='10.1.1.175', port=6053))]: [Errno 113] Connect call failed ('10.1.1.175', 6053)
2025-07-22 10:36:19,455 - ERROR - Failed to establish initial connection. Exiting.
2025-07-22 10:39:36,424 - INFO - üöÄ Starting ESPHome device_info() test for 10.1.1.175:6053
2025-07-22 10:39:36,425 - INFO -    Test interval: 5s
2025-07-22 10:39:36,426 - INFO -    Max tests: unlimited
2025-07-22 10:39:36,427 - INFO -    Reconnect on failure: True
2025-07-22 10:40:06,494 - ERROR - ‚ùå Failed to connect to ESPHome device 10.1.1.175: Timeout waiting for HelloResponse, ConnectResponse after 30.0s
2025-07-22 10:40:06,495 - ERROR - Failed to establish initial connection. Exiting.
2025-07-22 10:40:06,496 - WARNING - 10.1.1.175: Connection error occurred: 10.1.1.175: Connection lost
2025-07-22 10:43:17,962 - INFO - üöÄ Starting ESPHome device_info() test for 10.1.1.175:6053
2025-07-22 10:43:17,962 - INFO -    Test interval: 5s
2025-07-22 10:43:17,963 - INFO -    Max tests: unlimited
2025-07-22 10:43:17,964 - INFO -    Reconnect on failure: True
2025-07-22 10:43:18,000 - INFO - ‚úÖ Test #1: device_info() success (Response time: 14.9ms) - air-conditioner-fae7bf
2025-07-22 10:43:23,011 - INFO - ‚úÖ Test #2: device_info() success (Response time: 5.4ms) - air-conditioner-fae7bf
2025-07-22 10:43:28,039 - INFO - ‚úÖ Test #3: device_info() success (Response time: 21.8ms) - air-conditioner-fae7bf
2025-07-22 10:43:33,050 - INFO - ‚úÖ Test #4: device_info() success (Response time: 5.4ms) - air-conditioner-fae7bf
2025-07-22 10:43:38,063 - INFO - ‚úÖ Test #5: device_info() success (Response time: 11.9ms) - air-conditioner-fae7bf
2025-07-22 10:43:43,074 - INFO - ‚úÖ Test #6: device_info() success (Response time: 5.4ms) - air-conditioner-fae7bf
2025-07-22 10:43:48,091 - INFO - ‚úÖ Test #7: device_info() success (Response time: 11.3ms) - air-conditioner-fae7bf
2025-07-22 10:43:53,116 - INFO - ‚úÖ Test #8: device_info() success (Response time: 19.1ms) - air-conditioner-fae7bf
2025-07-22 10:43:58,123 - INFO - ‚úÖ Test #9: device_info() success (Response time: 5.8ms) - air-conditioner-fae7bf
2025-07-22 10:44:03,134 - INFO - ‚úÖ Test #10: device_info() success (Response time: 5.6ms) - air-conditioner-fae7bf
2025-07-22 10:44:03,134 - INFO - üìä Stats after 45s: Tests: 10, Success: 10, Failures: 0, Success Rate: 100.0%
2025-07-22 10:44:08,153 - INFO - ‚úÖ Test #11: device_info() success (Response time: 12.3ms) - air-conditioner-fae7bf
2025-07-22 10:44:13,165 - INFO - ‚úÖ Test #12: device_info() success (Response time: 6.9ms) - air-conditioner-fae7bf
2025-07-22 10:44:18,180 - INFO - ‚úÖ Test #13: device_info() success (Response time: 13.9ms) - air-conditioner-fae7bf
2025-07-22 10:44:23,196 - INFO - ‚úÖ Test #14: device_info() success (Response time: 9.9ms) - air-conditioner-fae7bf
2025-07-22 10:44:28,208 - INFO - ‚úÖ Test #15: device_info() success (Response time: 5.7ms) - air-conditioner-fae7bf
2025-07-22 10:44:33,223 - INFO - ‚úÖ Test #16: device_info() success (Response time: 8.6ms) - air-conditioner-fae7bf
2025-07-22 10:44:38,235 - INFO - ‚úÖ Test #17: device_info() success (Response time: 10.6ms) - air-conditioner-fae7bf
2025-07-22 10:44:43,250 - INFO - ‚úÖ Test #18: device_info() success (Response time: 9.3ms) - air-conditioner-fae7bf
2025-07-22 10:44:48,270 - INFO - ‚úÖ Test #19: device_info() success (Response time: 13.8ms) - air-conditioner-fae7bf
2025-07-22 10:44:53,288 - INFO - ‚úÖ Test #20: device_info() success (Response time: 12.1ms) - air-conditioner-fae7bf
2025-07-22 10:44:53,288 - INFO - üìä Stats after 95s: Tests: 20, Success: 20, Failures: 0, Success Rate: 100.0%
2025-07-22 10:44:58,307 - INFO - ‚úÖ Test #21: device_info() success (Response time: 16.5ms) - air-conditioner-fae7bf
2025-07-22 10:45:03,339 - INFO - ‚úÖ Test #22: device_info() success (Response time: 25.5ms) - air-conditioner-fae7bf
2025-07-22 10:45:08,363 - INFO - ‚úÖ Test #23: device_info() success (Response time: 17.9ms) - air-conditioner-fae7bf
2025-07-22 10:45:13,376 - INFO - ‚úÖ Test #24: device_info() success (Response time: 7.5ms) - air-conditioner-fae7bf
2025-07-22 10:45:18,385 - INFO - ‚úÖ Test #25: device_info() success (Response time: 7.5ms) - air-conditioner-fae7bf
2025-07-22 10:45:33,402 - ERROR - ‚ùå Test #26: APIConnectionError - Timeout waiting for DeviceInfoResponse after 10.0s
2025-07-22 10:45:33,403 - INFO - üîÑ Attempting to reconnect...
2025-07-22 10:45:43,410 - ERROR - air-conditioner-fae7bf @ 10.1.1.175: disconnect request failed
Traceback (most recent call last):
  File "aioesphomeapi/connection.py", line 861, in aioesphomeapi.connection.APIConnection.send_messages_await_response_complex
TimeoutError

The above exception was the direct cause of the following exception:

Traceback (most recent call last):
  File "aioesphomeapi/connection.py", line 1066, in aioesphomeapi.connection.APIConnection.disconnect
  File "aioesphomeapi/connection.py", line 879, in send_message_await_response
  File "aioesphomeapi/connection.py", line 865, in send_messages_await_response_complex
aioesphomeapi.core.TimeoutAPIError: Timeout waiting for DisconnectResponse after 10.0s
2025-07-22 10:45:58,692 - INFO - ‚úÖ Test #27: device_info() success (Response time: 17.0ms) - air-conditioner-fae7bf
2025-07-22 10:46:03,718 - INFO - ‚úÖ Test #28: device_info() success (Response time: 20.6ms) - air-conditioner-fae7bf
2025-07-22 10:46:08,729 - INFO - ‚úÖ Test #29: device_info() success (Response time: 5.5ms) - air-conditioner-fae7bf
2025-07-22 10:46:13,749 - INFO - ‚úÖ Test #30: device_info() success (Response time: 13.7ms) - air-conditioner-fae7bf
2025-07-22 10:46:13,750 - INFO - üìä Stats after 176s: Tests: 30, Success: 29, Failures: 1, Success Rate: 96.7%
2025-07-22 10:46:18,772 - INFO - ‚úÖ Test #31: device_info() success (Response time: 20.3ms) - air-conditioner-fae7bf
2025-07-22 10:46:23,790 - INFO - ‚úÖ Test #32: device_info() success (Response time: 12.2ms) - air-conditioner-fae7bf
2025-07-22 10:46:28,803 - INFO - ‚úÖ Test #33: device_info() success (Response time: 11.2ms) - air-conditioner-fae7bf
2025-07-22 10:46:33,816 - INFO - ‚úÖ Test #34: device_info() success (Response time: 7.1ms) - air-conditioner-fae7bf
2025-07-22 10:46:38,832 - INFO - ‚úÖ Test #35: device_info() success (Response time: 15.4ms) - air-conditioner-fae7bf
2025-07-22 10:46:43,849 - INFO - ‚úÖ Test #36: device_info() success (Response time: 10.9ms) - air-conditioner-fae7bf
2025-07-22 10:46:48,860 - INFO - ‚úÖ Test #37: device_info() success (Response time: 6.6ms) - air-conditioner-fae7bf
2025-07-22 10:46:53,871 - INFO - ‚úÖ Test #38: device_info() success (Response time: 5.7ms) - air-conditioner-fae7bf
2025-07-22 10:46:58,880 - INFO - ‚úÖ Test #39: device_info() success (Response time: 7.7ms) - air-conditioner-fae7bf
2025-07-22 10:47:03,903 - INFO - ‚úÖ Test #40: device_info() success (Response time: 17.9ms) - air-conditioner-fae7bf
2025-07-22 10:47:03,904 - INFO - üìä Stats after 226s: Tests: 40, Success: 39, Failures: 1, Success Rate: 97.5%
2025-07-22 10:47:08,921 - INFO - ‚úÖ Test #41: device_info() success (Response time: 11.2ms) - air-conditioner-fae7bf
2025-07-22 10:47:13,942 - INFO - ‚úÖ Test #42: device_info() success (Response time: 16.6ms) - air-conditioner-fae7bf
2025-07-22 10:47:18,959 - INFO - ‚úÖ Test #43: device_info() success (Response time: 16.1ms) - air-conditioner-fae7bf
2025-07-22 10:47:23,977 - INFO - ‚úÖ Test #44: device_info() success (Response time: 11.8ms) - air-conditioner-fae7bf
2025-07-22 10:47:29,002 - INFO - ‚úÖ Test #45: device_info() success (Response time: 19.8ms) - air-conditioner-fae7bf
2025-07-22 10:47:34,025 - INFO - ‚úÖ Test #46: device_info() success (Response time: 18.5ms) - air-conditioner-fae7bf
2025-07-22 10:47:39,046 - INFO - ‚úÖ Test #47: device_info() success (Response time: 18.5ms) - air-conditioner-fae7bf
2025-07-22 10:47:44,057 - INFO - ‚úÖ Test #48: device_info() success (Response time: 5.8ms) - air-conditioner-fae7bf
2025-07-22 10:47:49,070 - INFO - ‚úÖ Test #49: device_info() success (Response time: 8.4ms) - air-conditioner-fae7bf
2025-07-22 10:47:54,080 - INFO - ‚úÖ Test #50: device_info() success (Response time: 8.0ms) - air-conditioner-fae7bf
2025-07-22 10:47:54,080 - INFO - üìä Stats after 276s: Tests: 50, Success: 49, Failures: 1, Success Rate: 98.0%
2025-07-22 10:47:59,095 - INFO - ‚úÖ Test #51: device_info() success (Response time: 13.2ms) - air-conditioner-fae7bf
2025-07-22 10:48:04,118 - INFO - ‚úÖ Test #52: device_info() success (Response time: 16.4ms) - air-conditioner-fae7bf
2025-07-22 10:48:09,162 - INFO - ‚úÖ Test #53: device_info() success (Response time: 38.9ms) - air-conditioner-fae7bf
2025-07-22 10:48:14,177 - INFO - ‚úÖ Test #54: device_info() success (Response time: 10.4ms) - air-conditioner-fae7bf
2025-07-22 10:48:19,189 - INFO - ‚úÖ Test #55: device_info() success (Response time: 9.9ms) - air-conditioner-fae7bf
2025-07-22 10:48:24,211 - INFO - ‚úÖ Test #56: device_info() success (Response time: 17.6ms) - air-conditioner-fae7bf
2025-07-22 10:48:29,219 - INFO - ‚úÖ Test #57: device_info() success (Response time: 4.9ms) - air-conditioner-fae7bf
2025-07-22 10:48:34,240 - INFO - ‚úÖ Test #58: device_info() success (Response time: 18.7ms) - air-conditioner-fae7bf
2025-07-22 10:48:39,262 - INFO - ‚úÖ Test #59: device_info() success (Response time: 18.9ms) - air-conditioner-fae7bf
2025-07-22 10:48:44,274 - INFO - ‚úÖ Test #60: device_info() success (Response time: 8.8ms) - air-conditioner-fae7bf
2025-07-22 10:48:44,275 - INFO - üìä Stats after 326s: Tests: 60, Success: 59, Failures: 1, Success Rate: 98.3%
2025-07-22 10:48:49,298 - INFO - ‚úÖ Test #61: device_info() success (Response time: 20.1ms) - air-conditioner-fae7bf
2025-07-22 10:48:54,325 - INFO - ‚úÖ Test #62: device_info() success (Response time: 23.3ms) - air-conditioner-fae7bf
2025-07-22 10:48:59,382 - INFO - ‚úÖ Test #63: device_info() success (Response time: 55.2ms) - air-conditioner-fae7bf
2025-07-22 10:49:04,446 - INFO - ‚úÖ Test #64: device_info() success (Response time: 57.4ms) - air-conditioner-fae7bf
2025-07-22 10:49:09,459 - INFO - ‚úÖ Test #65: device_info() success (Response time: 7.1ms) - air-conditioner-fae7bf
2025-07-22 10:49:14,483 - INFO - ‚úÖ Test #66: device_info() success (Response time: 19.3ms) - air-conditioner-fae7bf
2025-07-22 10:49:19,496 - INFO - ‚úÖ Test #67: device_info() success (Response time: 11.7ms) - air-conditioner-fae7bf
2025-07-22 10:49:24,521 - INFO - ‚úÖ Test #68: device_info() success (Response time: 19.1ms) - air-conditioner-fae7bf
2025-07-22 10:49:29,537 - INFO - ‚úÖ Test #69: device_info() success (Response time: 9.9ms) - air-conditioner-fae7bf
2025-07-22 10:49:34,583 - INFO - ‚úÖ Test #70: device_info() success (Response time: 40.0ms) - air-conditioner-fae7bf
2025-07-22 10:49:34,583 - INFO - üìä Stats after 377s: Tests: 70, Success: 69, Failures: 1, Success Rate: 98.6%
2025-07-22 10:49:39,603 - INFO - ‚úÖ Test #71: device_info() success (Response time: 17.7ms) - air-conditioner-fae7bf
2025-07-22 10:49:44,650 - INFO - ‚úÖ Test #72: device_info() success (Response time: 45.6ms) - air-conditioner-fae7bf
2025-07-22 10:49:49,692 - INFO - ‚úÖ Test #73: device_info() success (Response time: 36.1ms) - air-conditioner-fae7bf
2025-07-22 10:49:54,746 - INFO - ‚úÖ Test #74: device_info() success (Response time: 48.0ms) - air-conditioner-fae7bf
2025-07-22 10:49:59,799 - INFO - ‚úÖ Test #75: device_info() success (Response time: 49.8ms) - air-conditioner-fae7bf
2025-07-22 10:50:04,820 - INFO - ‚úÖ Test #76: device_info() success (Response time: 16.6ms) - air-conditioner-fae7bf
2025-07-22 10:50:09,830 - INFO - ‚úÖ Test #77: device_info() success (Response time: 7.9ms) - air-conditioner-fae7bf
2025-07-22 10:50:14,839 - INFO - ‚úÖ Test #78: device_info() success (Response time: 5.3ms) - air-conditioner-fae7bf
2025-07-22 10:50:19,861 - INFO - ‚úÖ Test #79: device_info() success (Response time: 19.8ms) - air-conditioner-fae7bf
2025-07-22 10:50:24,872 - INFO - ‚úÖ Test #80: device_info() success (Response time: 7.6ms) - air-conditioner-fae7bf
2025-07-22 10:50:24,873 - INFO - üìä Stats after 427s: Tests: 80, Success: 79, Failures: 1, Success Rate: 98.8%
2025-07-22 10:50:29,900 - INFO - ‚úÖ Test #81: device_info() success (Response time: 21.2ms) - air-conditioner-fae7bf
2025-07-22 10:50:34,924 - INFO - ‚úÖ Test #82: device_info() success (Response time: 18.8ms) - air-conditioner-fae7bf
2025-07-22 10:50:39,957 - INFO - ‚úÖ Test #83: device_info() success (Response time: 30.3ms) - air-conditioner-fae7bf
2025-07-22 10:50:44,972 - INFO - ‚úÖ Test #84: device_info() success (Response time: 8.5ms) - air-conditioner-fae7bf
2025-07-22 10:50:50,014 - INFO - ‚úÖ Test #85: device_info() success (Response time: 35.1ms) - air-conditioner-fae7bf
2025-07-22 10:50:55,064 - INFO - ‚úÖ Test #86: device_info() success (Response time: 44.0ms) - air-conditioner-fae7bf
2025-07-22 10:51:00,114 - INFO - ‚úÖ Test #87: device_info() success (Response time: 47.1ms) - air-conditioner-fae7bf
2025-07-22 10:51:05,156 - INFO - ‚úÖ Test #88: device_info() success (Response time: 35.6ms) - air-conditioner-fae7bf
2025-07-22 10:51:20,165 - ERROR - ‚ùå Test #89: APIConnectionError - Timeout waiting for DeviceInfoResponse after 10.0s
2025-07-22 10:51:20,166 - INFO - üîÑ Attempting to reconnect...
2025-07-22 10:51:30,177 - ERROR - air-conditioner-fae7bf @ 10.1.1.175: disconnect request failed
Traceback (most recent call last):
  File "aioesphomeapi/connection.py", line 861, in aioesphomeapi.connection.APIConnection.send_messages_await_response_complex
TimeoutError

The above exception was the direct cause of the following exception:

Traceback (most recent call last):
  File "aioesphomeapi/connection.py", line 1066, in aioesphomeapi.connection.APIConnection.disconnect
  File "aioesphomeapi/connection.py", line 879, in send_message_await_response
  File "aioesphomeapi/connection.py", line 865, in send_messages_await_response_complex
aioesphomeapi.core.TimeoutAPIError: Timeout waiting for DisconnectResponse after 10.0s
2025-07-22 10:51:47,253 - ERROR - ‚ùå Failed to connect to ESPHome device 10.1.1.175: Error connecting to [AddrInfo(family=<AddressFamily.AF_INET: 2>, type=<SocketKind.SOCK_STREAM: 1>, proto=6, sockaddr=IPv4Sockaddr(address='10.1.1.175', port=6053))]: [Errno 111] Connect call failed ('10.1.1.175', 6053)
2025-07-22 10:51:47,254 - INFO - üìä Stats after 509s: Tests: 89, Success: 87, Failures: 2, Success Rate: 97.8%
2025-07-22 10:51:52,256 - ERROR - ‚ùå Test #90: APIConnectionError - Not connected to 10.1.1.175!
2025-07-22 10:51:52,256 - INFO - üîÑ Attempting to reconnect...
2025-07-22 10:51:52,336 - INFO - ‚úÖ Test #91: device_info() success (Response time: 17.9ms) - air-conditioner-fae7bf
2025-07-22 10:51:57,386 - INFO - ‚úÖ Test #92: device_info() success (Response time: 44.6ms) - air-conditioner-fae7bf
2025-07-22 10:52:02,436 - INFO - ‚úÖ Test #93: device_info() success (Response time: 42.8ms) - air-conditioner-fae7bf
2025-07-22 10:52:07,478 - INFO - ‚úÖ Test #94: device_info() success (Response time: 36.9ms) - air-conditioner-fae7bf
2025-07-22 10:52:12,526 - INFO - ‚úÖ Test #95: device_info() success (Response time: 46.5ms) - air-conditioner-fae7bf
2025-07-22 10:52:17,548 - INFO - ‚úÖ Test #96: device_info() success (Response time: 16.0ms) - air-conditioner-fae7bf
2025-07-22 10:52:22,559 - INFO - ‚úÖ Test #97: device_info() success (Response time: 5.4ms) - air-conditioner-fae7bf
2025-07-22 10:52:27,582 - INFO - ‚úÖ Test #98: device_info() success (Response time: 16.7ms) - air-conditioner-fae7bf
2025-07-22 10:52:32,596 - INFO - ‚úÖ Test #99: device_info() success (Response time: 13.0ms) - air-conditioner-fae7bf
2025-07-22 10:52:37,612 - INFO - ‚úÖ Test #100: device_info() success (Response time: 10.2ms) - air-conditioner-fae7bf
2025-07-22 10:52:37,612 - INFO - üìä Stats after 560s: Tests: 100, Success: 97, Failures: 3, Success Rate: 97.0%
2025-07-22 10:52:42,645 - INFO - ‚úÖ Test #101: device_info() success (Response time: 27.0ms) - air-conditioner-fae7bf
2025-07-22 10:52:47,710 - INFO - ‚úÖ Test #102: device_info() success (Response time: 58.5ms) - air-conditioner-fae7bf
2025-07-22 10:52:52,769 - INFO - ‚úÖ Test #103: device_info() success (Response time: 57.5ms) - air-conditioner-fae7bf
2025-07-22 10:52:57,820 - INFO - ‚úÖ Test #104: device_info() success (Response time: 45.5ms) - air-conditioner-fae7bf
2025-07-22 10:53:02,865 - INFO - ‚úÖ Test #105: device_info() success (Response time: 38.9ms) - air-conditioner-fae7bf
2025-07-22 10:53:07,928 - INFO - ‚úÖ Test #106: device_info() success (Response time: 57.5ms) - air-conditioner-fae7bf
2025-07-22 10:53:12,979 - INFO - ‚úÖ Test #107: device_info() success (Response time: 48.9ms) - air-conditioner-fae7bf
2025-07-22 10:53:18,025 - INFO - ‚úÖ Test #108: device_info() success (Response time: 40.4ms) - air-conditioner-fae7bf
2025-07-22 10:53:23,037 - INFO - ‚úÖ Test #109: device_info() success (Response time: 5.6ms) - air-conditioner-fae7bf
2025-07-22 10:53:28,051 - INFO - ‚úÖ Test #110: device_info() success (Response time: 7.9ms) - air-conditioner-fae7bf
2025-07-22 10:53:28,051 - INFO - üìä Stats after 610s: Tests: 110, Success: 107, Failures: 3, Success Rate: 97.3%
2025-07-22 10:53:33,063 - INFO - ‚úÖ Test #111: device_info() success (Response time: 9.4ms) - air-conditioner-fae7bf
2025-07-22 10:53:38,080 - INFO - ‚úÖ Test #112: device_info() success (Response time: 11.1ms) - air-conditioner-fae7bf
2025-07-22 10:53:43,100 - INFO - ‚úÖ Test #113: device_info() success (Response time: 13.9ms) - air-conditioner-fae7bf
2025-07-22 10:53:48,116 - INFO - ‚úÖ Test #114: device_info() success (Response time: 10.5ms) - air-conditioner-fae7bf
2025-07-22 10:53:53,128 - INFO - ‚úÖ Test #115: device_info() success (Response time: 9.1ms) - air-conditioner-fae7bf
2025-07-22 10:53:58,151 - INFO - ‚úÖ Test #116: device_info() success (Response time: 17.4ms) - air-conditioner-fae7bf
2025-07-22 10:54:03,192 - INFO - ‚úÖ Test #117: device_info() success (Response time: 34.8ms) - air-conditioner-fae7bf
2025-07-22 10:54:08,247 - INFO - ‚úÖ Test #118: device_info() success (Response time: 49.9ms) - air-conditioner-fae7bf
2025-07-22 10:54:13,297 - INFO - ‚úÖ Test #119: device_info() success (Response time: 47.1ms) - air-conditioner-fae7bf
2025-07-22 10:54:18,331 - INFO - ‚úÖ Test #120: device_info() success (Response time: 29.0ms) - air-conditioner-fae7bf
2025-07-22 10:54:18,331 - INFO - üìä Stats after 660s: Tests: 120, Success: 117, Failures: 3, Success Rate: 97.5%
2025-07-22 10:54:23,387 - INFO - ‚úÖ Test #121: device_info() success (Response time: 49.7ms) - air-conditioner-fae7bf
2025-07-22 10:54:28,447 - INFO - ‚úÖ Test #122: device_info() success (Response time: 54.6ms) - air-conditioner-fae7bf
2025-07-22 10:54:33,455 - INFO - ‚úÖ Test #123: device_info() success (Response time: 5.4ms) - air-conditioner-fae7bf
2025-07-22 10:54:38,482 - INFO - ‚úÖ Test #124: device_info() success (Response time: 20.7ms) - air-conditioner-fae7bf
2025-07-22 10:54:43,533 - INFO - ‚úÖ Test #125: device_info() success (Response time: 45.8ms) - air-conditioner-fae7bf
2025-07-22 10:54:48,594 - INFO - ‚úÖ Test #126: device_info() success (Response time: 55.6ms) - air-conditioner-fae7bf
2025-07-22 10:54:53,645 - INFO - ‚úÖ Test #127: device_info() success (Response time: 48.3ms) - air-conditioner-fae7bf
2025-07-22 10:54:54,027 - INFO - üìä Stats after 696s: Tests: 127, Success: 124, Failures: 3, Success Rate: 97.6%
2025-07-22 10:54:54,034 - INFO - üîå Disconnected from device
